-- Sim_logOn()
--[[
18.0-230111 Platform x64_win_vs2019_shared
--]]
-- Sim_logOn()
-- MS_init()
--[[
18.0-230111 Platform x64_win_vs2019_shared
--]]
MS_init()
-- SimASM_start(1)
--[[
SimASM: 230112 Platform: x64_win_vs2019_shared Version: 229.2
--]]
SimASM_start(1)
-- ASMNM_createFromFile("C:/Windows/Temp/d.nat", 0)
r2577638517488 = ASMNM_createFromFile("C:/Windows/Temp/d.nat", 0)
-- GM_load("C:/Windows/Temp/d.nmm", r2577638517488, nil)
r2577638664496 = GM_load("C:/Windows/Temp/d.nmm", r2577638517488, nil)
-- SimAdvMeshing_start()
--[[
SimAdvMeshing: 230111 Platform x64_win_vs2019_shared
--]]
SimAdvMeshing_start()
-- M_new(0, r2577638664496)
r2577647865568 = M_new(0, r2577638664496)
-- MS_newMeshCase(r2577638664496)
n2577647768976 = MS_newMeshCase(r2577638664496)
-- MS_setMeshSize(n2577647768976, GM_domain(r2577638664496), 2, 1, nil)
MS_setMeshSize(n2577647768976, GM_domain(r2577638664496), 2, 1, nil)
-- MS_setGlobalSizeGradationFactor(n2577647768976, 1)
MS_setGlobalSizeGradationFactor(n2577647768976, 1)
-- MS_setMeshSize(n2577647768976, GM_entityByTag(r2577638664496, 2, 1), 1, 1.17809724509617, nil)
MS_setMeshSize(n2577647768976, GM_entityByTag(r2577638664496, 2, 1), 1, 1.17809724509617, nil)
-- MS_setMeshSize(n2577647768976, GM_entityByTag(r2577638664496, 2, 2), 1, 1.17809724509619, nil)
MS_setMeshSize(n2577647768976, GM_entityByTag(r2577638664496, 2, 2), 1, 1.17809724509619, nil)
-- MS_setMeshSize(n2577647768976, GM_entityByTag(r2577638664496, 2, 3), 1, 1.17809724509619, nil)
MS_setMeshSize(n2577647768976, GM_entityByTag(r2577638664496, 2, 3), 1, 1.17809724509619, nil)
-- MS_setMeshSize(n2577647768976, GM_entityByTag(r2577638664496, 2, 4), 1, 1.17809724509617, nil)
MS_setMeshSize(n2577647768976, GM_entityByTag(r2577638664496, 2, 4), 1, 1.17809724509617, nil)
-- MS_setMeshSize(n2577647768976, GM_entityByTag(r2577638664496, 2, 5), 1, 4, nil)
MS_setMeshSize(n2577647768976, GM_entityByTag(r2577638664496, 2, 5), 1, 4, nil)
-- MS_setMeshSize(n2577647768976, GM_entityByTag(r2577638664496, 2, 6), 1, 3.57809724509617, nil)
MS_setMeshSize(n2577647768976, GM_entityByTag(r2577638664496, 2, 6), 1, 3.57809724509617, nil)
-- MS_setMeshSize(n2577647768976, GM_entityByTag(r2577638664496, 2, 7), 1, 2.06404741928168, nil)
MS_setMeshSize(n2577647768976, GM_entityByTag(r2577638664496, 2, 7), 1, 2.06404741928168, nil)
-- MS_setMeshSize(n2577647768976, GM_entityByTag(r2577638664496, 2, 8), 1, 5.43488947538448, nil)
MS_setMeshSize(n2577647768976, GM_entityByTag(r2577638664496, 2, 8), 1, 5.43488947538448, nil)
-- MS_setMeshSize(n2577647768976, GM_entityByTag(r2577638664496, 2, 9), 1, 4, nil)
MS_setMeshSize(n2577647768976, GM_entityByTag(r2577638664496, 2, 9), 1, 4, nil)
-- MS_setMeshSize(n2577647768976, GM_entityByTag(r2577638664496, 2, 10), 1, 5.43401328420523, nil)
MS_setMeshSize(n2577647768976, GM_entityByTag(r2577638664496, 2, 10), 1, 5.43401328420523, nil)
-- MS_setMeshCurv(n2577647768976, GM_entityByTag(r2577638664496, 2, 11), 2, 0.136430851987114)
MS_setMeshCurv(n2577647768976, GM_entityByTag(r2577638664496, 2, 11), 2, 0.136430851987114)
-- MS_setMinCurvSize(n2577647768976, GM_entityByTag(r2577638664496, 2, 11), 1, 2)
MS_setMinCurvSize(n2577647768976, GM_entityByTag(r2577638664496, 2, 11), 1, 2)
-- MS_setMeshSize(n2577647768976, GM_entityByTag(r2577638664496, 2, 12), 1, 28.8826078396012, nil)
MS_setMeshSize(n2577647768976, GM_entityByTag(r2577638664496, 2, 12), 1, 28.8826078396012, nil)
-- MS_setMeshCurv(n2577647768976, GM_entityByTag(r2577638664496, 2, 13), 2, 0.103611523240664)
MS_setMeshCurv(n2577647768976, GM_entityByTag(r2577638664496, 2, 13), 2, 0.103611523240664)
-- MS_setMinCurvSize(n2577647768976, GM_entityByTag(r2577638664496, 2, 13), 1, 2)
MS_setMinCurvSize(n2577647768976, GM_entityByTag(r2577638664496, 2, 13), 1, 2)
-- MS_setMeshSize(n2577647768976, GM_entityByTag(r2577638664496, 2, 14), 1, 28.8837234996437, nil)
MS_setMeshSize(n2577647768976, GM_entityByTag(r2577638664496, 2, 14), 1, 28.8837234996437, nil)
-- MS_setMeshSize(n2577647768976, GM_entityByTag(r2577638664496, 2, 15), 1, 19.1300697560998, nil)
MS_setMeshSize(n2577647768976, GM_entityByTag(r2577638664496, 2, 15), 1, 19.1300697560998, nil)
-- MS_setMeshCurv(n2577647768976, GM_entityByTag(r2577638664496, 2, 16), 2, 0.01)
MS_setMeshCurv(n2577647768976, GM_entityByTag(r2577638664496, 2, 16), 2, 0.01)
-- MS_setMinCurvSize(n2577647768976, GM_entityByTag(r2577638664496, 2, 16), 1, 2)
MS_setMinCurvSize(n2577647768976, GM_entityByTag(r2577638664496, 2, 16), 1, 2)
-- MS_setMeshSize(n2577647768976, GM_entityByTag(r2577638664496, 2, 17), 1, 13.1748100648092, nil)
MS_setMeshSize(n2577647768976, GM_entityByTag(r2577638664496, 2, 17), 1, 13.1748100648092, nil)
-- MS_setMeshSize(n2577647768976, GM_entityByTag(r2577638664496, 2, 18), 1, 5.67414388867921, nil)
MS_setMeshSize(n2577647768976, GM_entityByTag(r2577638664496, 2, 18), 1, 5.67414388867921, nil)
-- MS_setMeshSize(n2577647768976, GM_entityByTag(r2577638664496, 2, 19), 1, 13.7171766765174, nil)
MS_setMeshSize(n2577647768976, GM_entityByTag(r2577638664496, 2, 19), 1, 13.7171766765174, nil)
-- MS_setMeshCurv(n2577647768976, GM_entityByTag(r2577638664496, 2, 20), 2, 0.187509312543946)
MS_setMeshCurv(n2577647768976, GM_entityByTag(r2577638664496, 2, 20), 2, 0.187509312543946)
-- MS_setMinCurvSize(n2577647768976, GM_entityByTag(r2577638664496, 2, 20), 1, 2)
MS_setMinCurvSize(n2577647768976, GM_entityByTag(r2577638664496, 2, 20), 1, 2)
-- MS_setMeshSize(n2577647768976, GM_entityByTag(r2577638664496, 2, 21), 1, 4.27674300636056, nil)
MS_setMeshSize(n2577647768976, GM_entityByTag(r2577638664496, 2, 21), 1, 4.27674300636056, nil)
-- MS_setMeshSize(n2577647768976, GM_entityByTag(r2577638664496, 2, 22), 1, 4.45988386810675, nil)
MS_setMeshSize(n2577647768976, GM_entityByTag(r2577638664496, 2, 22), 1, 4.45988386810675, nil)
-- MS_setMeshCurv(n2577647768976, GM_entityByTag(r2577638664496, 2, 23), 2, 0.187509908637233)
MS_setMeshCurv(n2577647768976, GM_entityByTag(r2577638664496, 2, 23), 2, 0.187509908637233)
-- MS_setMinCurvSize(n2577647768976, GM_entityByTag(r2577638664496, 2, 23), 1, 2)
MS_setMinCurvSize(n2577647768976, GM_entityByTag(r2577638664496, 2, 23), 1, 2)
-- MS_setMeshCurv(n2577647768976, GM_entityByTag(r2577638664496, 2, 24), 2, 0.01)
MS_setMeshCurv(n2577647768976, GM_entityByTag(r2577638664496, 2, 24), 2, 0.01)
-- MS_setMinCurvSize(n2577647768976, GM_entityByTag(r2577638664496, 2, 24), 1, 2)
MS_setMinCurvSize(n2577647768976, GM_entityByTag(r2577638664496, 2, 24), 1, 2)
-- MS_setMeshCurv(n2577647768976, GM_entityByTag(r2577638664496, 2, 25), 2, 0.103608040279518)
MS_setMeshCurv(n2577647768976, GM_entityByTag(r2577638664496, 2, 25), 2, 0.103608040279518)
-- MS_setMinCurvSize(n2577647768976, GM_entityByTag(r2577638664496, 2, 25), 1, 2)
MS_setMinCurvSize(n2577647768976, GM_entityByTag(r2577638664496, 2, 25), 1, 2)
-- MS_setMeshSize(n2577647768976, GM_entityByTag(r2577638664496, 2, 26), 1, 13.2005777151189, nil)
MS_setMeshSize(n2577647768976, GM_entityByTag(r2577638664496, 2, 26), 1, 13.2005777151189, nil)
-- MS_setMeshSize(n2577647768976, GM_entityByTag(r2577638664496, 2, 27), 1, 4.34674273076806, nil)
MS_setMeshSize(n2577647768976, GM_entityByTag(r2577638664496, 2, 27), 1, 4.34674273076806, nil)
-- MS_setMeshSize(n2577647768976, GM_entityByTag(r2577638664496, 2, 28), 1, 13.7171766765174, nil)
MS_setMeshSize(n2577647768976, GM_entityByTag(r2577638664496, 2, 28), 1, 13.7171766765174, nil)
-- MS_setMeshSize(n2577647768976, GM_entityByTag(r2577638664496, 2, 29), 1, 1.5531960391144, nil)
MS_setMeshSize(n2577647768976, GM_entityByTag(r2577638664496, 2, 29), 1, 1.5531960391144, nil)
-- MS_setMeshSize(n2577647768976, GM_entityByTag(r2577638664496, 2, 30), 1, 3.67430238011103, nil)
MS_setMeshSize(n2577647768976, GM_entityByTag(r2577638664496, 2, 30), 1, 3.67430238011103, nil)
-- MS_setMeshSize(n2577647768976, GM_entityByTag(r2577638664496, 2, 31), 1, 1.86812515731874, nil)
MS_setMeshSize(n2577647768976, GM_entityByTag(r2577638664496, 2, 31), 1, 1.86812515731874, nil)
-- MS_setMeshSize(n2577647768976, GM_entityByTag(r2577638664496, 2, 32), 1, 3.67545555784298, nil)
MS_setMeshSize(n2577647768976, GM_entityByTag(r2577638664496, 2, 32), 1, 3.67545555784298, nil)
-- MS_setMeshCurv(n2577647768976, GM_entityByTag(r2577638664496, 2, 33), 2, 0.427813052771673)
MS_setMeshCurv(n2577647768976, GM_entityByTag(r2577638664496, 2, 33), 2, 0.427813052771673)
-- MS_setMinCurvSize(n2577647768976, GM_entityByTag(r2577638664496, 2, 33), 1, 2)
MS_setMinCurvSize(n2577647768976, GM_entityByTag(r2577638664496, 2, 33), 1, 2)
-- MS_setMeshCurv(n2577647768976, GM_entityByTag(r2577638664496, 2, 34), 2, 0.134015796707201)
MS_setMeshCurv(n2577647768976, GM_entityByTag(r2577638664496, 2, 34), 2, 0.134015796707201)
-- MS_setMinCurvSize(n2577647768976, GM_entityByTag(r2577638664496, 2, 34), 1, 2)
MS_setMinCurvSize(n2577647768976, GM_entityByTag(r2577638664496, 2, 34), 1, 2)
-- MS_setMeshCurv(n2577647768976, GM_entityByTag(r2577638664496, 2, 35), 2, 0.427813052771673)
MS_setMeshCurv(n2577647768976, GM_entityByTag(r2577638664496, 2, 35), 2, 0.427813052771673)
-- MS_setMinCurvSize(n2577647768976, GM_entityByTag(r2577638664496, 2, 35), 1, 2)
MS_setMinCurvSize(n2577647768976, GM_entityByTag(r2577638664496, 2, 35), 1, 2)
-- MS_setMeshCurv(n2577647768976, GM_entityByTag(r2577638664496, 2, 36), 2, 0.134016447219198)
MS_setMeshCurv(n2577647768976, GM_entityByTag(r2577638664496, 2, 36), 2, 0.134016447219198)
-- MS_setMinCurvSize(n2577647768976, GM_entityByTag(r2577638664496, 2, 36), 1, 2)
MS_setMinCurvSize(n2577647768976, GM_entityByTag(r2577638664496, 2, 36), 1, 2)
-- MS_setMeshCurv(n2577647768976, GM_entityByTag(r2577638664496, 2, 37), 2, 0.0306871769319902)
MS_setMeshCurv(n2577647768976, GM_entityByTag(r2577638664496, 2, 37), 2, 0.0306871769319902)
-- MS_setMinCurvSize(n2577647768976, GM_entityByTag(r2577638664496, 2, 37), 1, 2)
MS_setMinCurvSize(n2577647768976, GM_entityByTag(r2577638664496, 2, 37), 1, 2)
-- MS_setMeshCurv(n2577647768976, GM_entityByTag(r2577638664496, 2, 38), 2, 0.48928702608781)
MS_setMeshCurv(n2577647768976, GM_entityByTag(r2577638664496, 2, 38), 2, 0.48928702608781)
-- MS_setMinCurvSize(n2577647768976, GM_entityByTag(r2577638664496, 2, 38), 1, 2)
MS_setMinCurvSize(n2577647768976, GM_entityByTag(r2577638664496, 2, 38), 1, 2)
-- MS_setMeshCurv(n2577647768976, GM_entityByTag(r2577638664496, 2, 39), 2, 0.0306833883115885)
MS_setMeshCurv(n2577647768976, GM_entityByTag(r2577638664496, 2, 39), 2, 0.0306833883115885)
-- MS_setMinCurvSize(n2577647768976, GM_entityByTag(r2577638664496, 2, 39), 1, 2)
MS_setMinCurvSize(n2577647768976, GM_entityByTag(r2577638664496, 2, 39), 1, 2)
-- MS_setMeshCurv(n2577647768976, GM_entityByTag(r2577638664496, 2, 40), 2, 0.48928702608781)
MS_setMeshCurv(n2577647768976, GM_entityByTag(r2577638664496, 2, 40), 2, 0.48928702608781)
-- MS_setMinCurvSize(n2577647768976, GM_entityByTag(r2577638664496, 2, 40), 1, 2)
MS_setMinCurvSize(n2577647768976, GM_entityByTag(r2577638664496, 2, 40), 1, 2)
-- MS_setMeshSize(n2577647768976, GM_entityByTag(r2577638664496, 2, 41), 1, 5.67414388867921, nil)
MS_setMeshSize(n2577647768976, GM_entityByTag(r2577638664496, 2, 41), 1, 5.67414388867921, nil)
-- MS_setMeshSize(n2577647768976, GM_entityByTag(r2577638664496, 2, 42), 1, 19.1300697560998, nil)
MS_setMeshSize(n2577647768976, GM_entityByTag(r2577638664496, 2, 42), 1, 19.1300697560998, nil)
-- MS_setMeshSize(n2577647768976, GM_entityByTag(r2577638664496, 2, 43), 1, 13.2005777151189, nil)
MS_setMeshSize(n2577647768976, GM_entityByTag(r2577638664496, 2, 43), 1, 13.2005777151189, nil)
-- MS_setMeshSize(n2577647768976, GM_entityByTag(r2577638664496, 2, 44), 1, 28.8826078396012, nil)
MS_setMeshSize(n2577647768976, GM_entityByTag(r2577638664496, 2, 44), 1, 28.8826078396012, nil)
-- MS_setMeshSize(n2577647768976, GM_entityByTag(r2577638664496, 2, 45), 1, 28.8837290571876, nil)
MS_setMeshSize(n2577647768976, GM_entityByTag(r2577638664496, 2, 45), 1, 28.8837290571876, nil)
-- MS_setMeshSize(n2577647768976, GM_entityByTag(r2577638664496, 2, 46), 1, 13.7167186717045, nil)
MS_setMeshSize(n2577647768976, GM_entityByTag(r2577638664496, 2, 46), 1, 13.7167186717045, nil)
-- MS_setMeshSize(n2577647768976, GM_entityByTag(r2577638664496, 2, 47), 1, 1.17809724509617, nil)
MS_setMeshSize(n2577647768976, GM_entityByTag(r2577638664496, 2, 47), 1, 1.17809724509617, nil)
-- MS_setMeshSize(n2577647768976, GM_entityByTag(r2577638664496, 2, 48), 1, 1.17809724509619, nil)
MS_setMeshSize(n2577647768976, GM_entityByTag(r2577638664496, 2, 48), 1, 1.17809724509619, nil)
-- MS_setMeshSize(n2577647768976, GM_entityByTag(r2577638664496, 2, 49), 1, 1.17809724509619, nil)
MS_setMeshSize(n2577647768976, GM_entityByTag(r2577638664496, 2, 49), 1, 1.17809724509619, nil)
-- MS_setMeshSize(n2577647768976, GM_entityByTag(r2577638664496, 2, 50), 1, 1.17809724509617, nil)
MS_setMeshSize(n2577647768976, GM_entityByTag(r2577638664496, 2, 50), 1, 1.17809724509617, nil)
-- MS_setMeshSize(n2577647768976, GM_entityByTag(r2577638664496, 2, 51), 1, 4, nil)
MS_setMeshSize(n2577647768976, GM_entityByTag(r2577638664496, 2, 51), 1, 4, nil)
-- MS_setMeshSize(n2577647768976, GM_entityByTag(r2577638664496, 2, 52), 1, 3.57809724509617, nil)
MS_setMeshSize(n2577647768976, GM_entityByTag(r2577638664496, 2, 52), 1, 3.57809724509617, nil)
-- MS_setMeshCurv(n2577647768976, GM_entityByTag(r2577638664496, 2, 53), 2, 0.136429331370282)
MS_setMeshCurv(n2577647768976, GM_entityByTag(r2577638664496, 2, 53), 2, 0.136429331370282)
-- MS_setMinCurvSize(n2577647768976, GM_entityByTag(r2577638664496, 2, 53), 1, 2)
MS_setMinCurvSize(n2577647768976, GM_entityByTag(r2577638664496, 2, 53), 1, 2)
-- MS_setMeshSize(n2577647768976, GM_entityByTag(r2577638664496, 2, 54), 1, 5.43494636672635, nil)
MS_setMeshSize(n2577647768976, GM_entityByTag(r2577638664496, 2, 54), 1, 5.43494636672635, nil)
-- MS_setMeshSize(n2577647768976, GM_entityByTag(r2577638664496, 2, 55), 1, 4, nil)
MS_setMeshSize(n2577647768976, GM_entityByTag(r2577638664496, 2, 55), 1, 4, nil)
-- MS_setMeshSize(n2577647768976, GM_entityByTag(r2577638664496, 2, 56), 1, 5.43395980558474, nil)
MS_setMeshSize(n2577647768976, GM_entityByTag(r2577638664496, 2, 56), 1, 5.43395980558474, nil)
-- MS_setMeshSize(n2577647768976, GM_entityByTag(r2577638664496, 2, 57), 1, 2.06404742394969, nil)
MS_setMeshSize(n2577647768976, GM_entityByTag(r2577638664496, 2, 57), 1, 2.06404742394969, nil)
-- MS_setMeshSize(n2577647768976, GM_entityByTag(r2577638664496, 2, 58), 1, 200, nil)
MS_setMeshSize(n2577647768976, GM_entityByTag(r2577638664496, 2, 58), 1, 200, nil)
-- MS_setMeshSize(n2577647768976, GM_entityByTag(r2577638664496, 2, 59), 1, 200, nil)
MS_setMeshSize(n2577647768976, GM_entityByTag(r2577638664496, 2, 59), 1, 200, nil)
-- MS_setMeshSize(n2577647768976, GM_entityByTag(r2577638664496, 2, 60), 1, 200, nil)
MS_setMeshSize(n2577647768976, GM_entityByTag(r2577638664496, 2, 60), 1, 200, nil)
-- MS_setMeshSize(n2577647768976, GM_entityByTag(r2577638664496, 2, 61), 1, 200, nil)
MS_setMeshSize(n2577647768976, GM_entityByTag(r2577638664496, 2, 61), 1, 200, nil)
-- MS_setMeshSize(n2577647768976, GM_entityByTag(r2577638664496, 2, 62), 1, 200, nil)
MS_setMeshSize(n2577647768976, GM_entityByTag(r2577638664496, 2, 62), 1, 200, nil)
-- MS_setMeshSize(n2577647768976, GM_entityByTag(r2577638664496, 2, 63), 1, 200, nil)
MS_setMeshSize(n2577647768976, GM_entityByTag(r2577638664496, 2, 63), 1, 200, nil)
-- MS_setMeshSize(n2577647768976, GM_entityByTag(r2577638664496, 3, 1), 1, 4, nil)
MS_setMeshSize(n2577647768976, GM_entityByTag(r2577638664496, 3, 1), 1, 4, nil)
-- MS_setMeshSize(n2577647768976, GM_entityByTag(r2577638664496, 3, 2), 1, 13.7171766765174, nil)
MS_setMeshSize(n2577647768976, GM_entityByTag(r2577638664496, 3, 2), 1, 13.7171766765174, nil)
-- MS_setMeshSize(n2577647768976, GM_entityByTag(r2577638664496, 3, 3), 1, 13.7171766765174, nil)
MS_setMeshSize(n2577647768976, GM_entityByTag(r2577638664496, 3, 3), 1, 13.7171766765174, nil)
-- MS_setMeshSize(n2577647768976, GM_entityByTag(r2577638664496, 3, 4), 1, 15.0147567123394, nil)
MS_setMeshSize(n2577647768976, GM_entityByTag(r2577638664496, 3, 4), 1, 15.0147567123394, nil)
-- MS_setMeshSize(n2577647768976, GM_entityByTag(r2577638664496, 3, 5), 1, 13.7167186717045, nil)
MS_setMeshSize(n2577647768976, GM_entityByTag(r2577638664496, 3, 5), 1, 13.7167186717045, nil)
-- MS_setMeshSize(n2577647768976, GM_entityByTag(r2577638664496, 3, 6), 1, 4, nil)
MS_setMeshSize(n2577647768976, GM_entityByTag(r2577638664496, 3, 6), 1, 4, nil)
-- MS_setMeshSize(n2577647768976, GM_entityByTag(r2577638664496, 3, 7), 1, 3.54131455459737, nil)
MS_setMeshSize(n2577647768976, GM_entityByTag(r2577638664496, 3, 7), 1, 3.54131455459737, nil)
-- MS_setMeshSize(n2577647768976, GM_entityByTag(r2577638664496, 3, 8), 1, 200, nil)
MS_setMeshSize(n2577647768976, GM_entityByTag(r2577638664496, 3, 8), 1, 200, nil)
-- MS_addCubeRefinement(n2577647768976, 20, {500, 0, 0}, {999.999938964844, 0, 0}, {0, 750, 0}, {0, 0, 499.999969482422})
MS_addCubeRefinement(n2577647768976, 20, {500, 0, 0}, {999.999938964844, 0, 0}, {0, 750, 0}, {0, 0, 499.999969482422})
-- MS_addCubeRefinement(n2577647768976, 10, {40, 0, 0}, {200, 0, 0}, {0, 750, 0}, {0, 0, 150})
MS_addCubeRefinement(n2577647768976, 10, {40, 0, 0}, {200, 0, 0}, {0, 750, 0}, {0, 0, 150})
-- SurfaceMesher_new(n2577647768976, r2577647865568)
p2577647778160 = SurfaceMesher_new(n2577647768976, r2577647865568)
-- Progress_new()
p2577647868288 = Progress_new()
-- Progress_setDefaultCallback(p2577647868288)
Progress_setDefaultCallback(p2577647868288)
-- SurfaceMesher_setSmoothing(p2577647778160, 3)
SurfaceMesher_setSmoothing(p2577647778160, 3)
-- SurfaceMesher_setOptimization(p2577647778160, 1)
SurfaceMesher_setOptimization(p2577647778160, 1)
-- SurfaceMesher_execute(p2577647778160, p2577647868288)
SurfaceMesher_execute(p2577647778160, p2577647868288)
-- SurfaceMesher_delete(p2577647778160)
SurfaceMesher_delete(p2577647778160)
-- Progress_delete(p2577647868288)
Progress_delete(p2577647868288)
-- Progress_new()
p2577677479072 = Progress_new()
-- Progress_setDefaultCallback(p2577677479072)
Progress_setDefaultCallback(p2577677479072)
-- VolumeMesher_new(n2577647768976, r2577647865568)
p2577648367664 = VolumeMesher_new(n2577647768976, r2577647865568)
-- VolumeMesher_setOptimization(p2577648367664, 1)
VolumeMesher_setOptimization(p2577648367664, 1)
-- VolumeMesher_setSmoothing(p2577648367664, 1)
VolumeMesher_setSmoothing(p2577648367664, 1)
-- VolumeMesher_setDoStructuredMeshing(p2577648367664, 1)
VolumeMesher_setDoStructuredMeshing(p2577648367664, 1)
-- VolumeMesher_setDoUnstructuredMeshing(p2577648367664, 1)
VolumeMesher_setDoUnstructuredMeshing(p2577648367664, 1)
-- VolumeMesher_setEnforceSize(p2577648367664, 1)
VolumeMesher_setEnforceSize(p2577648367664, 1)
-- VolumeMesher_execute(p2577648367664, p2577677479072)
VolumeMesher_execute(p2577648367664, p2577677479072)
-- VolumeMesher_delete(p2577648367664)
VolumeMesher_delete(p2577648367664)
-- Progress_delete(p2577677479072)
Progress_delete(p2577677479072)
-- M_write(r2577647865568, "C:/Windows/Temp/u8ck.0.sms", 0, nil)
M_write(r2577647865568, "C:/Windows/Temp/u8ck.0.sms", 0, nil)
-- M_release(r2577647865568)
M_release(r2577647865568)
-- MS_deleteMeshCase(n2577647768976)
MS_deleteMeshCase(n2577647768976)
-- GM_release(r2577638664496)
GM_release(r2577638664496)
-- NM_release(r2577638517488)
NM_release(r2577638517488)
-- SimASM_stop(1)
SimASM_stop(1)
-- SimAdvMeshing_stop()
SimAdvMeshing_stop()
-- Sim_unregisterAllKeys()
-- Sim_unregisterAllKeys()
-- MS_exit()
MS_exit()
